2021/02/27-08:27 [main] INFO  web.panda.SeatApplication- Starting SeatApplication on pandadeMacBook-Pro.local with PID 3895 (/Volumes/hdd/project/ideaproject/seat/target/classes started by panda in /Volumes/hdd/project/ideaproject/seat)
2021/02/27-08:27 [main] INFO  web.panda.SeatApplication- No active profile set, falling back to default profiles: default
2021/02/27-08:27 [main] INFO  org.springframework.data.repository.config.RepositoryConfigurationDelegate- Bootstrapping Spring Data JPA repositories in DEFAULT mode.
2021/02/27-08:27 [main] INFO  org.springframework.data.repository.config.RepositoryConfigurationDelegate- Finished Spring Data repository scanning in 291ms. Found 1 JPA repository interfaces.
2021/02/27-08:27 [main] INFO  org.springframework.boot.web.embedded.tomcat.TomcatWebServer- Tomcat initialized with port(s): 8888 (http)
2021/02/27-08:27 [main] INFO  org.apache.catalina.core.StandardService- Starting service [Tomcat]
2021/02/27-08:27 [main] INFO  org.apache.catalina.core.StandardEngine- Starting Servlet engine: [Apache Tomcat/9.0.31]
2021/02/27-08:27 [main] INFO  org.apache.catalina.core.ContainerBase.[Tomcat].[localhost].[/api]- Initializing Spring embedded WebApplicationContext
2021/02/27-08:27 [main] INFO  org.springframework.web.context.ContextLoader- Root WebApplicationContext: initialization completed in 5902 ms
2021/02/27-08:27 [main] ERROR com.zaxxer.hikari.HikariConfig- Failed to load driver class com.mysql.cj.jdbc.Driver from HikariConfig class classloader sun.misc.Launcher$AppClassLoader@18b4aac2
2021/02/27-08:27 [main] WARN  org.springframework.boot.web.servlet.context.AnnotationConfigServletWebServerApplicationContext- Exception encountered during context initialization - cancelling refresh attempt: org.springframework.beans.factory.UnsatisfiedDependencyException: Error creating bean with name 'org.springframework.boot.autoconfigure.orm.jpa.HibernateJpaConfiguration': Unsatisfied dependency expressed through constructor parameter 0; nested exception is org.springframework.beans.factory.BeanCreationException: Error creating bean with name 'dataSource' defined in class path resource [org/springframework/boot/autoconfigure/jdbc/DataSourceConfiguration$Hikari.class]: Bean instantiation via factory method failed; nested exception is org.springframework.beans.BeanInstantiationException: Failed to instantiate [com.zaxxer.hikari.HikariDataSource]: Factory method 'dataSource' threw exception; nested exception is org.springframework.boot.context.properties.bind.BindException: Failed to bind properties under '' to com.zaxxer.hikari.HikariDataSource
2021/02/27-08:27 [main] INFO  org.apache.catalina.core.StandardService- Stopping service [Tomcat]
2021/02/27-08:27 [main] INFO  org.springframework.boot.autoconfigure.logging.ConditionEvaluationReportLoggingListener- 

Error starting ApplicationContext. To display the conditions report re-run your application with 'debug' enabled.
2021/02/27-08:27 [main] ERROR org.springframework.boot.diagnostics.LoggingFailureAnalysisReporter- 

***************************
APPLICATION FAILED TO START
***************************

Description:

Failed to bind properties under '' to com.zaxxer.hikari.HikariDataSource:

    Property: driverclassname
    Value: com.mysql.cj.jdbc.Driver
    Origin: "driverClassName" from property source "source"
    Reason: Failed to load driver class com.mysql.cj.jdbc.Driver in either of HikariConfig class loader or Thread context classloader

Action:

Update your application's configuration

2021/02/27-08:30 [main] INFO  web.panda.SeatApplication- Starting SeatApplication on pandadeMacBook-Pro.local with PID 4145 (/Volumes/hdd/project/ideaproject/seat/target/classes started by panda in /Volumes/hdd/project/ideaproject/seat)
2021/02/27-08:30 [main] INFO  web.panda.SeatApplication- No active profile set, falling back to default profiles: default
2021/02/27-08:30 [main] INFO  org.springframework.data.repository.config.RepositoryConfigurationDelegate- Bootstrapping Spring Data JPA repositories in DEFAULT mode.
2021/02/27-08:30 [main] INFO  org.springframework.data.repository.config.RepositoryConfigurationDelegate- Finished Spring Data repository scanning in 148ms. Found 1 JPA repository interfaces.
2021/02/27-08:30 [main] INFO  org.springframework.boot.web.embedded.tomcat.TomcatWebServer- Tomcat initialized with port(s): 8888 (http)
2021/02/27-08:30 [main] INFO  org.apache.catalina.core.StandardService- Starting service [Tomcat]
2021/02/27-08:30 [main] INFO  org.apache.catalina.core.StandardEngine- Starting Servlet engine: [Apache Tomcat/9.0.31]
2021/02/27-08:30 [main] INFO  org.apache.catalina.core.ContainerBase.[Tomcat].[localhost].[/api]- Initializing Spring embedded WebApplicationContext
2021/02/27-08:30 [main] INFO  org.springframework.web.context.ContextLoader- Root WebApplicationContext: initialization completed in 4755 ms
2021/02/27-08:30 [main] WARN  org.springframework.boot.web.servlet.context.AnnotationConfigServletWebServerApplicationContext- Exception encountered during context initialization - cancelling refresh attempt: org.springframework.beans.factory.UnsatisfiedDependencyException: Error creating bean with name 'org.springframework.boot.autoconfigure.orm.jpa.HibernateJpaConfiguration': Unsatisfied dependency expressed through constructor parameter 0; nested exception is org.springframework.beans.factory.BeanCreationException: Error creating bean with name 'dataSource' defined in class path resource [org/springframework/boot/autoconfigure/jdbc/DataSourceConfiguration$Hikari.class]: Bean instantiation via factory method failed; nested exception is org.springframework.beans.BeanInstantiationException: Failed to instantiate [com.zaxxer.hikari.HikariDataSource]: Factory method 'dataSource' threw exception; nested exception is java.lang.IllegalStateException: Cannot load driver class: com.mysql.jdbc.Driver
2021/02/27-08:30 [main] INFO  org.apache.catalina.core.StandardService- Stopping service [Tomcat]
2021/02/27-08:30 [main] INFO  org.springframework.boot.autoconfigure.logging.ConditionEvaluationReportLoggingListener- 

Error starting ApplicationContext. To display the conditions report re-run your application with 'debug' enabled.
2021/02/27-08:30 [main] ERROR org.springframework.boot.SpringApplication- Application run failed
org.springframework.beans.factory.UnsatisfiedDependencyException: Error creating bean with name 'org.springframework.boot.autoconfigure.orm.jpa.HibernateJpaConfiguration': Unsatisfied dependency expressed through constructor parameter 0; nested exception is org.springframework.beans.factory.BeanCreationException: Error creating bean with name 'dataSource' defined in class path resource [org/springframework/boot/autoconfigure/jdbc/DataSourceConfiguration$Hikari.class]: Bean instantiation via factory method failed; nested exception is org.springframework.beans.BeanInstantiationException: Failed to instantiate [com.zaxxer.hikari.HikariDataSource]: Factory method 'dataSource' threw exception; nested exception is java.lang.IllegalStateException: Cannot load driver class: com.mysql.jdbc.Driver
	at org.springframework.beans.factory.support.ConstructorResolver.createArgumentArray(ConstructorResolver.java:798)
	at org.springframework.beans.factory.support.ConstructorResolver.autowireConstructor(ConstructorResolver.java:228)
	at org.springframework.beans.factory.support.AbstractAutowireCapableBeanFactory.autowireConstructor(AbstractAutowireCapableBeanFactory.java:1358)
	at org.springframework.beans.factory.support.AbstractAutowireCapableBeanFactory.createBeanInstance(AbstractAutowireCapableBeanFactory.java:1204)
	at org.springframework.beans.factory.support.AbstractAutowireCapableBeanFactory.doCreateBean(AbstractAutowireCapableBeanFactory.java:557)
	at org.springframework.beans.factory.support.AbstractAutowireCapableBeanFactory.createBean(AbstractAutowireCapableBeanFactory.java:517)
	at org.springframework.beans.factory.support.AbstractBeanFactory.lambda$doGetBean$0(AbstractBeanFactory.java:323)
	at org.springframework.beans.factory.support.DefaultSingletonBeanRegistry.getSingleton(DefaultSingletonBeanRegistry.java:222)
	at org.springframework.beans.factory.support.AbstractBeanFactory.doGetBean(AbstractBeanFactory.java:321)
	at org.springframework.beans.factory.support.AbstractBeanFactory.getBean(AbstractBeanFactory.java:202)
	at org.springframework.beans.factory.support.ConstructorResolver.instantiateUsingFactoryMethod(ConstructorResolver.java:409)
	at org.springframework.beans.factory.support.AbstractAutowireCapableBeanFactory.instantiateUsingFactoryMethod(AbstractAutowireCapableBeanFactory.java:1338)
	at org.springframework.beans.factory.support.AbstractAutowireCapableBeanFactory.createBeanInstance(AbstractAutowireCapableBeanFactory.java:1177)
	at org.springframework.beans.factory.support.AbstractAutowireCapableBeanFactory.doCreateBean(AbstractAutowireCapableBeanFactory.java:557)
	at org.springframework.beans.factory.support.AbstractAutowireCapableBeanFactory.createBean(AbstractAutowireCapableBeanFactory.java:517)
	at org.springframework.beans.factory.support.AbstractBeanFactory.lambda$doGetBean$0(AbstractBeanFactory.java:323)
	at org.springframework.beans.factory.support.DefaultSingletonBeanRegistry.getSingleton(DefaultSingletonBeanRegistry.java:222)
	at org.springframework.beans.factory.support.AbstractBeanFactory.doGetBean(AbstractBeanFactory.java:321)
	at org.springframework.beans.factory.support.AbstractBeanFactory.getBean(AbstractBeanFactory.java:202)
	at org.springframework.context.support.AbstractApplicationContext.getBean(AbstractApplicationContext.java:1108)
	at org.springframework.context.support.AbstractApplicationContext.finishBeanFactoryInitialization(AbstractApplicationContext.java:868)
	at org.springframework.context.support.AbstractApplicationContext.refresh(AbstractApplicationContext.java:550)
	at org.springframework.boot.web.servlet.context.ServletWebServerApplicationContext.refresh(ServletWebServerApplicationContext.java:141)
	at org.springframework.boot.SpringApplication.refresh(SpringApplication.java:747)
	at org.springframework.boot.SpringApplication.refreshContext(SpringApplication.java:397)
	at org.springframework.boot.SpringApplication.run(SpringApplication.java:315)
	at org.springframework.boot.SpringApplication.run(SpringApplication.java:1226)
	at org.springframework.boot.SpringApplication.run(SpringApplication.java:1215)
	at web.panda.SeatApplication.main(SeatApplication.java:10)
Caused by: org.springframework.beans.factory.BeanCreationException: Error creating bean with name 'dataSource' defined in class path resource [org/springframework/boot/autoconfigure/jdbc/DataSourceConfiguration$Hikari.class]: Bean instantiation via factory method failed; nested exception is org.springframework.beans.BeanInstantiationException: Failed to instantiate [com.zaxxer.hikari.HikariDataSource]: Factory method 'dataSource' threw exception; nested exception is java.lang.IllegalStateException: Cannot load driver class: com.mysql.jdbc.Driver
	at org.springframework.beans.factory.support.ConstructorResolver.instantiate(ConstructorResolver.java:656)
	at org.springframework.beans.factory.support.ConstructorResolver.instantiateUsingFactoryMethod(ConstructorResolver.java:636)
	at org.springframework.beans.factory.support.AbstractAutowireCapableBeanFactory.instantiateUsingFactoryMethod(AbstractAutowireCapableBeanFactory.java:1338)
	at org.springframework.beans.factory.support.AbstractAutowireCapableBeanFactory.createBeanInstance(AbstractAutowireCapableBeanFactory.java:1177)
	at org.springframework.beans.factory.support.AbstractAutowireCapableBeanFactory.doCreateBean(AbstractAutowireCapableBeanFactory.java:557)
	at org.springframework.beans.factory.support.AbstractAutowireCapableBeanFactory.createBean(AbstractAutowireCapableBeanFactory.java:517)
	at org.springframework.beans.factory.support.AbstractBeanFactory.lambda$doGetBean$0(AbstractBeanFactory.java:323)
	at org.springframework.beans.factory.support.DefaultSingletonBeanRegistry.getSingleton(DefaultSingletonBeanRegistry.java:222)
	at org.springframework.beans.factory.support.AbstractBeanFactory.doGetBean(AbstractBeanFactory.java:321)
	at org.springframework.beans.factory.support.AbstractBeanFactory.getBean(AbstractBeanFactory.java:202)
	at org.springframework.beans.factory.config.DependencyDescriptor.resolveCandidate(DependencyDescriptor.java:276)
	at org.springframework.beans.factory.support.DefaultListableBeanFactory.doResolveDependency(DefaultListableBeanFactory.java:1287)
	at org.springframework.beans.factory.support.DefaultListableBeanFactory.resolveDependency(DefaultListableBeanFactory.java:1207)
	at org.springframework.beans.factory.support.ConstructorResolver.resolveAutowiredArgument(ConstructorResolver.java:885)
	at org.springframework.beans.factory.support.ConstructorResolver.createArgumentArray(ConstructorResolver.java:789)
	... 28 common frames omitted
Caused by: org.springframework.beans.BeanInstantiationException: Failed to instantiate [com.zaxxer.hikari.HikariDataSource]: Factory method 'dataSource' threw exception; nested exception is java.lang.IllegalStateException: Cannot load driver class: com.mysql.jdbc.Driver
	at org.springframework.beans.factory.support.SimpleInstantiationStrategy.instantiate(SimpleInstantiationStrategy.java:185)
	at org.springframework.beans.factory.support.ConstructorResolver.instantiate(ConstructorResolver.java:651)
	... 42 common frames omitted
Caused by: java.lang.IllegalStateException: Cannot load driver class: com.mysql.jdbc.Driver
	at org.springframework.util.Assert.state(Assert.java:94)
	at org.springframework.boot.autoconfigure.jdbc.DataSourceProperties.determineDriverClassName(DataSourceProperties.java:222)
	at org.springframework.boot.autoconfigure.jdbc.DataSourceProperties.initializeDataSourceBuilder(DataSourceProperties.java:174)
	at org.springframework.boot.autoconfigure.jdbc.DataSourceConfiguration.createDataSource(DataSourceConfiguration.java:43)
	at org.springframework.boot.autoconfigure.jdbc.DataSourceConfiguration$Hikari.dataSource(DataSourceConfiguration.java:85)
	at sun.reflect.NativeMethodAccessorImpl.invoke0(Native Method)
	at sun.reflect.NativeMethodAccessorImpl.invoke(NativeMethodAccessorImpl.java:62)
	at sun.reflect.DelegatingMethodAccessorImpl.invoke(DelegatingMethodAccessorImpl.java:43)
	at java.lang.reflect.Method.invoke(Method.java:498)
	at org.springframework.beans.factory.support.SimpleInstantiationStrategy.instantiate(SimpleInstantiationStrategy.java:154)
	... 43 common frames omitted
2021/02/27-08:33 [main] INFO  web.panda.SeatApplication- Starting SeatApplication on pandadeMacBook-Pro.local with PID 4333 (/Volumes/hdd/project/ideaproject/seat/target/classes started by panda in /Volumes/hdd/project/ideaproject/seat)
2021/02/27-08:33 [main] INFO  web.panda.SeatApplication- No active profile set, falling back to default profiles: default
2021/02/27-08:33 [main] INFO  org.springframework.data.repository.config.RepositoryConfigurationDelegate- Bootstrapping Spring Data JPA repositories in DEFAULT mode.
2021/02/27-08:33 [main] INFO  org.springframework.data.repository.config.RepositoryConfigurationDelegate- Finished Spring Data repository scanning in 122ms. Found 1 JPA repository interfaces.
2021/02/27-08:33 [main] INFO  org.springframework.boot.web.embedded.tomcat.TomcatWebServer- Tomcat initialized with port(s): 8888 (http)
2021/02/27-08:33 [main] INFO  org.apache.catalina.core.StandardService- Starting service [Tomcat]
2021/02/27-08:33 [main] INFO  org.apache.catalina.core.StandardEngine- Starting Servlet engine: [Apache Tomcat/9.0.31]
2021/02/27-08:33 [main] INFO  org.apache.catalina.core.ContainerBase.[Tomcat].[localhost].[/api]- Initializing Spring embedded WebApplicationContext
2021/02/27-08:33 [main] INFO  org.springframework.web.context.ContextLoader- Root WebApplicationContext: initialization completed in 5068 ms
2021/02/27-08:33 [main] INFO  org.hibernate.jpa.internal.util.LogHelper- HHH000204: Processing PersistenceUnitInfo [name: default]
2021/02/27-08:33 [main] INFO  org.hibernate.Version- HHH000412: Hibernate ORM core version 5.4.12.Final
2021/02/27-08:33 [main] INFO  org.hibernate.annotations.common.Version- HCANN000001: Hibernate Commons Annotations {5.1.0.Final}
2021/02/27-08:33 [main] INFO  com.zaxxer.hikari.HikariDataSource- HikariPool-1 - Starting...
2021/02/27-08:33 [main] WARN  com.zaxxer.hikari.util.DriverDataSource- Registered driver with driverClassName=com.mysql.jdbc.Driver was not found, trying direct instantiation.
2021/02/27-08:33 [main] INFO  com.zaxxer.hikari.HikariDataSource- HikariPool-1 - Start completed.
2021/02/27-08:33 [main] INFO  org.hibernate.dialect.Dialect- HHH000400: Using dialect: org.hibernate.dialect.MySQL5InnoDBDialect
2021/02/27-08:33 [main] INFO  org.hibernate.engine.transaction.jta.platform.internal.JtaPlatformInitiator- HHH000490: Using JtaPlatform implementation: [org.hibernate.engine.transaction.jta.platform.internal.NoJtaPlatform]
2021/02/27-08:33 [main] INFO  org.springframework.orm.jpa.LocalContainerEntityManagerFactoryBean- Initialized JPA EntityManagerFactory for persistence unit 'default'
2021/02/27-08:33 [main] WARN  org.springframework.boot.web.servlet.context.AnnotationConfigServletWebServerApplicationContext- Exception encountered during context initialization - cancelling refresh attempt: org.springframework.beans.factory.UnsatisfiedDependencyException: Error creating bean with name 'wecharLoginController': Unsatisfied dependency expressed through field 'wxMpService'; nested exception is org.springframework.beans.factory.NoSuchBeanDefinitionException: No qualifying bean of type 'me.chanjar.weixin.mp.api.WxMpService' available: expected at least 1 bean which qualifies as autowire candidate. Dependency annotations: {@org.springframework.beans.factory.annotation.Autowired(required=true)}
2021/02/27-08:33 [main] INFO  org.springframework.orm.jpa.LocalContainerEntityManagerFactoryBean- Closing JPA EntityManagerFactory for persistence unit 'default'
2021/02/27-08:33 [main] INFO  com.zaxxer.hikari.HikariDataSource- HikariPool-1 - Shutdown initiated...
2021/02/27-08:33 [main] INFO  com.zaxxer.hikari.HikariDataSource- HikariPool-1 - Shutdown completed.
2021/02/27-08:33 [main] INFO  org.apache.catalina.core.StandardService- Stopping service [Tomcat]
2021/02/27-08:33 [main] INFO  org.springframework.boot.autoconfigure.logging.ConditionEvaluationReportLoggingListener- 

Error starting ApplicationContext. To display the conditions report re-run your application with 'debug' enabled.
2021/02/27-08:33 [main] ERROR org.springframework.boot.diagnostics.LoggingFailureAnalysisReporter- 

***************************
APPLICATION FAILED TO START
***************************

Description:

Field wxMpService in web.panda.wechar.controller.WecharLoginController required a bean of type 'me.chanjar.weixin.mp.api.WxMpService' that could not be found.

The injection point has the following annotations:
	- @org.springframework.beans.factory.annotation.Autowired(required=true)


Action:

Consider defining a bean of type 'me.chanjar.weixin.mp.api.WxMpService' in your configuration.

2021/02/27-08:35 [main] INFO  web.panda.SeatApplication- Starting SeatApplication on pandadeMacBook-Pro.local with PID 4501 (/Volumes/hdd/project/ideaproject/seat/target/classes started by panda in /Volumes/hdd/project/ideaproject/seat)
2021/02/27-08:35 [main] INFO  web.panda.SeatApplication- No active profile set, falling back to default profiles: default
2021/02/27-08:35 [main] INFO  org.springframework.data.repository.config.RepositoryConfigurationDelegate- Bootstrapping Spring Data JPA repositories in DEFAULT mode.
2021/02/27-08:35 [main] INFO  org.springframework.data.repository.config.RepositoryConfigurationDelegate- Finished Spring Data repository scanning in 108ms. Found 1 JPA repository interfaces.
2021/02/27-08:35 [main] INFO  org.springframework.boot.web.embedded.tomcat.TomcatWebServer- Tomcat initialized with port(s): 8888 (http)
2021/02/27-08:35 [main] INFO  org.apache.catalina.core.StandardService- Starting service [Tomcat]
2021/02/27-08:35 [main] INFO  org.apache.catalina.core.StandardEngine- Starting Servlet engine: [Apache Tomcat/9.0.31]
2021/02/27-08:35 [main] INFO  org.apache.catalina.core.ContainerBase.[Tomcat].[localhost].[/api]- Initializing Spring embedded WebApplicationContext
2021/02/27-08:35 [main] INFO  org.springframework.web.context.ContextLoader- Root WebApplicationContext: initialization completed in 2951 ms
2021/02/27-08:35 [main] INFO  org.hibernate.jpa.internal.util.LogHelper- HHH000204: Processing PersistenceUnitInfo [name: default]
2021/02/27-08:35 [main] INFO  org.hibernate.Version- HHH000412: Hibernate ORM core version 5.4.12.Final
2021/02/27-08:35 [main] INFO  org.hibernate.annotations.common.Version- HCANN000001: Hibernate Commons Annotations {5.1.0.Final}
2021/02/27-08:35 [main] INFO  com.zaxxer.hikari.HikariDataSource- HikariPool-1 - Starting...
2021/02/27-08:35 [main] INFO  com.zaxxer.hikari.HikariDataSource- HikariPool-1 - Start completed.
2021/02/27-08:35 [main] INFO  org.hibernate.dialect.Dialect- HHH000400: Using dialect: org.hibernate.dialect.MySQL5InnoDBDialect
2021/02/27-08:35 [main] INFO  org.hibernate.engine.transaction.jta.platform.internal.JtaPlatformInitiator- HHH000490: Using JtaPlatform implementation: [org.hibernate.engine.transaction.jta.platform.internal.NoJtaPlatform]
2021/02/27-08:35 [main] INFO  org.springframework.orm.jpa.LocalContainerEntityManagerFactoryBean- Initialized JPA EntityManagerFactory for persistence unit 'default'
2021/02/27-08:35 [main] WARN  org.springframework.boot.web.servlet.context.AnnotationConfigServletWebServerApplicationContext- Exception encountered during context initialization - cancelling refresh attempt: org.springframework.beans.factory.UnsatisfiedDependencyException: Error creating bean with name 'wecharLoginController': Unsatisfied dependency expressed through field 'wxMpService'; nested exception is org.springframework.beans.factory.NoSuchBeanDefinitionException: No qualifying bean of type 'me.chanjar.weixin.mp.api.WxMpService' available: expected at least 1 bean which qualifies as autowire candidate. Dependency annotations: {@org.springframework.beans.factory.annotation.Autowired(required=true)}
2021/02/27-08:35 [main] INFO  org.springframework.orm.jpa.LocalContainerEntityManagerFactoryBean- Closing JPA EntityManagerFactory for persistence unit 'default'
2021/02/27-08:35 [main] INFO  com.zaxxer.hikari.HikariDataSource- HikariPool-1 - Shutdown initiated...
2021/02/27-08:35 [main] INFO  com.zaxxer.hikari.HikariDataSource- HikariPool-1 - Shutdown completed.
2021/02/27-08:35 [main] INFO  org.apache.catalina.core.StandardService- Stopping service [Tomcat]
2021/02/27-08:35 [main] INFO  org.springframework.boot.autoconfigure.logging.ConditionEvaluationReportLoggingListener- 

Error starting ApplicationContext. To display the conditions report re-run your application with 'debug' enabled.
2021/02/27-08:35 [main] ERROR org.springframework.boot.diagnostics.LoggingFailureAnalysisReporter- 

***************************
APPLICATION FAILED TO START
***************************

Description:

Field wxMpService in web.panda.wechar.controller.WecharLoginController required a bean of type 'me.chanjar.weixin.mp.api.WxMpService' that could not be found.

The injection point has the following annotations:
	- @org.springframework.beans.factory.annotation.Autowired(required=true)


Action:

Consider defining a bean of type 'me.chanjar.weixin.mp.api.WxMpService' in your configuration.

2021/02/27-08:40 [main] INFO  web.panda.SeatApplication- Starting SeatApplication on pandadeMacBook-Pro.local with PID 4857 (/Volumes/hdd/project/ideaproject/seat/target/classes started by panda in /Volumes/hdd/project/ideaproject/seat)
2021/02/27-08:40 [main] INFO  web.panda.SeatApplication- No active profile set, falling back to default profiles: default
2021/02/27-08:41 [main] INFO  org.springframework.data.repository.config.RepositoryConfigurationDelegate- Bootstrapping Spring Data JPA repositories in DEFAULT mode.
2021/02/27-08:41 [main] INFO  org.springframework.data.repository.config.RepositoryConfigurationDelegate- Finished Spring Data repository scanning in 105ms. Found 1 JPA repository interfaces.
2021/02/27-08:41 [main] INFO  org.springframework.boot.web.embedded.tomcat.TomcatWebServer- Tomcat initialized with port(s): 8888 (http)
2021/02/27-08:41 [main] INFO  org.apache.catalina.core.StandardService- Starting service [Tomcat]
2021/02/27-08:41 [main] INFO  org.apache.catalina.core.StandardEngine- Starting Servlet engine: [Apache Tomcat/9.0.31]
2021/02/27-08:41 [main] INFO  org.apache.catalina.core.ContainerBase.[Tomcat].[localhost].[/api]- Initializing Spring embedded WebApplicationContext
2021/02/27-08:41 [main] INFO  org.springframework.web.context.ContextLoader- Root WebApplicationContext: initialization completed in 4405 ms
2021/02/27-08:41 [main] INFO  org.hibernate.jpa.internal.util.LogHelper- HHH000204: Processing PersistenceUnitInfo [name: default]
2021/02/27-08:41 [main] INFO  org.hibernate.Version- HHH000412: Hibernate ORM core version 5.4.12.Final
2021/02/27-08:41 [main] INFO  org.hibernate.annotations.common.Version- HCANN000001: Hibernate Commons Annotations {5.1.0.Final}
2021/02/27-08:41 [main] INFO  com.zaxxer.hikari.HikariDataSource- HikariPool-1 - Starting...
2021/02/27-08:41 [main] INFO  com.zaxxer.hikari.HikariDataSource- HikariPool-1 - Start completed.
2021/02/27-08:41 [main] INFO  org.hibernate.dialect.Dialect- HHH000400: Using dialect: org.hibernate.dialect.MySQL5InnoDBDialect
2021/02/27-08:41 [main] INFO  org.hibernate.engine.transaction.jta.platform.internal.JtaPlatformInitiator- HHH000490: Using JtaPlatform implementation: [org.hibernate.engine.transaction.jta.platform.internal.NoJtaPlatform]
2021/02/27-08:41 [main] INFO  org.springframework.orm.jpa.LocalContainerEntityManagerFactoryBean- Initialized JPA EntityManagerFactory for persistence unit 'default'
2021/02/27-08:41 [main] INFO  org.springframework.scheduling.concurrent.ThreadPoolTaskExecutor- Initializing ExecutorService 'applicationTaskExecutor'
2021/02/27-08:41 [main] INFO  org.springframework.boot.web.embedded.tomcat.TomcatWebServer- Tomcat started on port(s): 8888 (http) with context path '/api'
2021/02/27-08:41 [main] INFO  web.panda.SeatApplication- Started SeatApplication in 15.112 seconds (JVM running for 16.157)
2021/02/27-09:12 [SpringContextShutdownHook] INFO  org.springframework.scheduling.concurrent.ThreadPoolTaskExecutor- Shutting down ExecutorService 'applicationTaskExecutor'
2021/02/27-09:12 [SpringContextShutdownHook] INFO  org.springframework.orm.jpa.LocalContainerEntityManagerFactoryBean- Closing JPA EntityManagerFactory for persistence unit 'default'
2021/02/27-09:12 [SpringContextShutdownHook] INFO  com.zaxxer.hikari.HikariDataSource- HikariPool-1 - Shutdown initiated...
2021/02/27-09:12 [SpringContextShutdownHook] INFO  com.zaxxer.hikari.HikariDataSource- HikariPool-1 - Shutdown completed.
2021/02/27-09:34 [main] INFO  web.panda.SeatApplication- Starting SeatApplication on pandadeMacBook-Pro.local with PID 8525 (/Volumes/hdd/project/ideaproject/seat/target/classes started by panda in /Volumes/hdd/project/ideaproject/seat)
2021/02/27-09:34 [main] INFO  web.panda.SeatApplication- No active profile set, falling back to default profiles: default
2021/02/27-09:34 [main] INFO  org.springframework.data.repository.config.RepositoryConfigurationDelegate- Bootstrapping Spring Data JPA repositories in DEFAULT mode.
2021/02/27-09:34 [main] INFO  org.springframework.data.repository.config.RepositoryConfigurationDelegate- Finished Spring Data repository scanning in 112ms. Found 1 JPA repository interfaces.
2021/02/27-09:34 [main] INFO  org.springframework.boot.web.embedded.tomcat.TomcatWebServer- Tomcat initialized with port(s): 8888 (http)
2021/02/27-09:34 [main] INFO  org.apache.catalina.core.StandardService- Starting service [Tomcat]
2021/02/27-09:34 [main] INFO  org.apache.catalina.core.StandardEngine- Starting Servlet engine: [Apache Tomcat/9.0.31]
2021/02/27-09:34 [main] INFO  org.apache.catalina.core.ContainerBase.[Tomcat].[localhost].[/api]- Initializing Spring embedded WebApplicationContext
2021/02/27-09:34 [main] INFO  org.springframework.web.context.ContextLoader- Root WebApplicationContext: initialization completed in 5096 ms
2021/02/27-09:34 [main] INFO  org.hibernate.jpa.internal.util.LogHelper- HHH000204: Processing PersistenceUnitInfo [name: default]
2021/02/27-09:34 [main] INFO  org.hibernate.Version- HHH000412: Hibernate ORM core version 5.4.12.Final
2021/02/27-09:34 [main] INFO  org.hibernate.annotations.common.Version- HCANN000001: Hibernate Commons Annotations {5.1.0.Final}
2021/02/27-09:34 [main] INFO  com.zaxxer.hikari.HikariDataSource- HikariPool-1 - Starting...
2021/02/27-09:34 [main] INFO  com.zaxxer.hikari.HikariDataSource- HikariPool-1 - Start completed.
2021/02/27-09:34 [main] INFO  org.hibernate.dialect.Dialect- HHH000400: Using dialect: org.hibernate.dialect.MySQL5InnoDBDialect
2021/02/27-09:34 [main] INFO  org.hibernate.engine.transaction.jta.platform.internal.JtaPlatformInitiator- HHH000490: Using JtaPlatform implementation: [org.hibernate.engine.transaction.jta.platform.internal.NoJtaPlatform]
2021/02/27-09:34 [main] INFO  org.springframework.orm.jpa.LocalContainerEntityManagerFactoryBean- Initialized JPA EntityManagerFactory for persistence unit 'default'
2021/02/27-09:34 [main] WARN  org.springframework.boot.web.servlet.context.AnnotationConfigServletWebServerApplicationContext- Exception encountered during context initialization - cancelling refresh attempt: org.springframework.beans.factory.UnsatisfiedDependencyException: Error creating bean with name 'wecharLoginController': Unsatisfied dependency expressed through field 'wxMpService'; nested exception is org.springframework.beans.factory.NoSuchBeanDefinitionException: No qualifying bean of type 'me.chanjar.weixin.mp.api.WxMpService' available: expected at least 1 bean which qualifies as autowire candidate. Dependency annotations: {@org.springframework.beans.factory.annotation.Autowired(required=true)}
2021/02/27-09:34 [main] INFO  org.springframework.orm.jpa.LocalContainerEntityManagerFactoryBean- Closing JPA EntityManagerFactory for persistence unit 'default'
2021/02/27-09:34 [main] INFO  com.zaxxer.hikari.HikariDataSource- HikariPool-1 - Shutdown initiated...
2021/02/27-09:34 [main] INFO  com.zaxxer.hikari.HikariDataSource- HikariPool-1 - Shutdown completed.
2021/02/27-09:34 [main] INFO  org.apache.catalina.core.StandardService- Stopping service [Tomcat]
2021/02/27-09:34 [main] INFO  org.springframework.boot.autoconfigure.logging.ConditionEvaluationReportLoggingListener- 

Error starting ApplicationContext. To display the conditions report re-run your application with 'debug' enabled.
2021/02/27-09:34 [main] ERROR org.springframework.boot.diagnostics.LoggingFailureAnalysisReporter- 

***************************
APPLICATION FAILED TO START
***************************

Description:

Field wxMpService in web.panda.wechar.controller.WecharLoginController required a bean of type 'me.chanjar.weixin.mp.api.WxMpService' that could not be found.

The injection point has the following annotations:
	- @org.springframework.beans.factory.annotation.Autowired(required=true)


Action:

Consider defining a bean of type 'me.chanjar.weixin.mp.api.WxMpService' in your configuration.

2021/02/27-09:39 [main] INFO  web.panda.SeatApplication- Starting SeatApplication on pandadeMacBook-Pro.local with PID 8871 (/Volumes/hdd/project/ideaproject/seat/target/classes started by panda in /Volumes/hdd/project/ideaproject/seat)
2021/02/27-09:39 [main] INFO  web.panda.SeatApplication- No active profile set, falling back to default profiles: default
2021/02/27-09:39 [main] INFO  org.springframework.data.repository.config.RepositoryConfigurationDelegate- Bootstrapping Spring Data JPA repositories in DEFAULT mode.
2021/02/27-09:39 [main] INFO  org.springframework.data.repository.config.RepositoryConfigurationDelegate- Finished Spring Data repository scanning in 134ms. Found 1 JPA repository interfaces.
2021/02/27-09:39 [main] INFO  org.springframework.boot.web.embedded.tomcat.TomcatWebServer- Tomcat initialized with port(s): 8888 (http)
2021/02/27-09:39 [main] INFO  org.apache.catalina.core.StandardService- Starting service [Tomcat]
2021/02/27-09:39 [main] INFO  org.apache.catalina.core.StandardEngine- Starting Servlet engine: [Apache Tomcat/9.0.31]
2021/02/27-09:39 [main] INFO  org.apache.catalina.core.ContainerBase.[Tomcat].[localhost].[/api]- Initializing Spring embedded WebApplicationContext
2021/02/27-09:39 [main] INFO  org.springframework.web.context.ContextLoader- Root WebApplicationContext: initialization completed in 5374 ms
2021/02/27-09:39 [main] INFO  org.hibernate.jpa.internal.util.LogHelper- HHH000204: Processing PersistenceUnitInfo [name: default]
2021/02/27-09:39 [main] INFO  org.hibernate.Version- HHH000412: Hibernate ORM core version 5.4.12.Final
2021/02/27-09:39 [main] INFO  org.hibernate.annotations.common.Version- HCANN000001: Hibernate Commons Annotations {5.1.0.Final}
2021/02/27-09:39 [main] INFO  com.zaxxer.hikari.HikariDataSource- HikariPool-1 - Starting...
2021/02/27-09:39 [main] INFO  com.zaxxer.hikari.HikariDataSource- HikariPool-1 - Start completed.
2021/02/27-09:39 [main] INFO  org.hibernate.dialect.Dialect- HHH000400: Using dialect: org.hibernate.dialect.MySQL5InnoDBDialect
2021/02/27-09:39 [main] INFO  org.hibernate.engine.transaction.jta.platform.internal.JtaPlatformInitiator- HHH000490: Using JtaPlatform implementation: [org.hibernate.engine.transaction.jta.platform.internal.NoJtaPlatform]
2021/02/27-09:39 [main] INFO  org.springframework.orm.jpa.LocalContainerEntityManagerFactoryBean- Initialized JPA EntityManagerFactory for persistence unit 'default'
2021/02/27-09:39 [main] WARN  org.springframework.boot.web.servlet.context.AnnotationConfigServletWebServerApplicationContext- Exception encountered during context initialization - cancelling refresh attempt: org.springframework.beans.factory.UnsatisfiedDependencyException: Error creating bean with name 'wecharLoginController': Unsatisfied dependency expressed through field 'wxMpService'; nested exception is org.springframework.beans.factory.NoSuchBeanDefinitionException: No qualifying bean of type 'me.chanjar.weixin.mp.api.WxMpService' available: expected at least 1 bean which qualifies as autowire candidate. Dependency annotations: {@org.springframework.beans.factory.annotation.Autowired(required=true)}
2021/02/27-09:39 [main] INFO  org.springframework.orm.jpa.LocalContainerEntityManagerFactoryBean- Closing JPA EntityManagerFactory for persistence unit 'default'
2021/02/27-09:39 [main] INFO  com.zaxxer.hikari.HikariDataSource- HikariPool-1 - Shutdown initiated...
2021/02/27-09:39 [main] INFO  com.zaxxer.hikari.HikariDataSource- HikariPool-1 - Shutdown completed.
2021/02/27-09:39 [main] INFO  org.apache.catalina.core.StandardService- Stopping service [Tomcat]
2021/02/27-09:39 [main] INFO  org.springframework.boot.autoconfigure.logging.ConditionEvaluationReportLoggingListener- 

Error starting ApplicationContext. To display the conditions report re-run your application with 'debug' enabled.
2021/02/27-09:39 [main] ERROR org.springframework.boot.diagnostics.LoggingFailureAnalysisReporter- 

***************************
APPLICATION FAILED TO START
***************************

Description:

Field wxMpService in web.panda.wechar.controller.WecharLoginController required a bean of type 'me.chanjar.weixin.mp.api.WxMpService' that could not be found.

The injection point has the following annotations:
	- @org.springframework.beans.factory.annotation.Autowired(required=true)


Action:

Consider defining a bean of type 'me.chanjar.weixin.mp.api.WxMpService' in your configuration.

2021/02/27-09:40 [main] INFO  web.panda.SeatApplication- Starting SeatApplication on pandadeMacBook-Pro.local with PID 8930 (/Volumes/hdd/project/ideaproject/seat/target/classes started by panda in /Volumes/hdd/project/ideaproject/seat)
2021/02/27-09:40 [main] INFO  web.panda.SeatApplication- No active profile set, falling back to default profiles: default
2021/02/27-09:40 [main] INFO  org.springframework.data.repository.config.RepositoryConfigurationDelegate- Bootstrapping Spring Data JPA repositories in DEFAULT mode.
2021/02/27-09:40 [main] INFO  org.springframework.data.repository.config.RepositoryConfigurationDelegate- Finished Spring Data repository scanning in 126ms. Found 1 JPA repository interfaces.
2021/02/27-09:40 [main] INFO  org.springframework.boot.web.embedded.tomcat.TomcatWebServer- Tomcat initialized with port(s): 8888 (http)
2021/02/27-09:40 [main] INFO  org.apache.catalina.core.StandardService- Starting service [Tomcat]
2021/02/27-09:40 [main] INFO  org.apache.catalina.core.StandardEngine- Starting Servlet engine: [Apache Tomcat/9.0.31]
2021/02/27-09:40 [main] INFO  org.apache.catalina.core.ContainerBase.[Tomcat].[localhost].[/api]- Initializing Spring embedded WebApplicationContext
2021/02/27-09:40 [main] INFO  org.springframework.web.context.ContextLoader- Root WebApplicationContext: initialization completed in 3687 ms
2021/02/27-09:40 [main] INFO  org.hibernate.jpa.internal.util.LogHelper- HHH000204: Processing PersistenceUnitInfo [name: default]
2021/02/27-09:40 [main] INFO  org.hibernate.Version- HHH000412: Hibernate ORM core version 5.4.12.Final
2021/02/27-09:40 [main] INFO  org.hibernate.annotations.common.Version- HCANN000001: Hibernate Commons Annotations {5.1.0.Final}
2021/02/27-09:40 [main] INFO  com.zaxxer.hikari.HikariDataSource- HikariPool-1 - Starting...
2021/02/27-09:40 [main] INFO  com.zaxxer.hikari.HikariDataSource- HikariPool-1 - Start completed.
2021/02/27-09:40 [main] INFO  org.hibernate.dialect.Dialect- HHH000400: Using dialect: org.hibernate.dialect.MySQL5InnoDBDialect
2021/02/27-09:40 [main] INFO  org.hibernate.engine.transaction.jta.platform.internal.JtaPlatformInitiator- HHH000490: Using JtaPlatform implementation: [org.hibernate.engine.transaction.jta.platform.internal.NoJtaPlatform]
2021/02/27-09:40 [main] INFO  org.springframework.orm.jpa.LocalContainerEntityManagerFactoryBean- Initialized JPA EntityManagerFactory for persistence unit 'default'
2021/02/27-09:40 [main] WARN  org.springframework.boot.web.servlet.context.AnnotationConfigServletWebServerApplicationContext- Exception encountered during context initialization - cancelling refresh attempt: org.springframework.beans.factory.UnsatisfiedDependencyException: Error creating bean with name 'wecharLoginController': Unsatisfied dependency expressed through field 'wxMpService'; nested exception is org.springframework.beans.factory.NoSuchBeanDefinitionException: No qualifying bean of type 'me.chanjar.weixin.mp.api.WxMpService' available: expected at least 1 bean which qualifies as autowire candidate. Dependency annotations: {@org.springframework.beans.factory.annotation.Autowired(required=true)}
2021/02/27-09:40 [main] INFO  org.springframework.orm.jpa.LocalContainerEntityManagerFactoryBean- Closing JPA EntityManagerFactory for persistence unit 'default'
2021/02/27-09:40 [main] INFO  com.zaxxer.hikari.HikariDataSource- HikariPool-1 - Shutdown initiated...
2021/02/27-09:40 [main] INFO  com.zaxxer.hikari.HikariDataSource- HikariPool-1 - Shutdown completed.
2021/02/27-09:40 [main] INFO  org.apache.catalina.core.StandardService- Stopping service [Tomcat]
2021/02/27-09:40 [main] INFO  org.springframework.boot.autoconfigure.logging.ConditionEvaluationReportLoggingListener- 

Error starting ApplicationContext. To display the conditions report re-run your application with 'debug' enabled.
2021/02/27-09:40 [main] ERROR org.springframework.boot.diagnostics.LoggingFailureAnalysisReporter- 

***************************
APPLICATION FAILED TO START
***************************

Description:

Field wxMpService in web.panda.wechar.controller.WecharLoginController required a bean of type 'me.chanjar.weixin.mp.api.WxMpService' that could not be found.

The injection point has the following annotations:
	- @org.springframework.beans.factory.annotation.Autowired(required=true)


Action:

Consider defining a bean of type 'me.chanjar.weixin.mp.api.WxMpService' in your configuration.

2021/02/27-09:50 [main] INFO  web.panda.SeatApplication- Starting SeatApplication on pandadeMacBook-Pro.local with PID 9630 (/Volumes/hdd/project/ideaproject/seat/target/classes started by panda in /Volumes/hdd/project/ideaproject/seat)
2021/02/27-09:50 [main] INFO  web.panda.SeatApplication- No active profile set, falling back to default profiles: default
2021/02/27-09:50 [main] INFO  org.springframework.data.repository.config.RepositoryConfigurationDelegate- Bootstrapping Spring Data JPA repositories in DEFAULT mode.
2021/02/27-09:50 [main] INFO  org.springframework.data.repository.config.RepositoryConfigurationDelegate- Finished Spring Data repository scanning in 98ms. Found 1 JPA repository interfaces.
2021/02/27-09:50 [main] INFO  org.springframework.boot.web.embedded.tomcat.TomcatWebServer- Tomcat initialized with port(s): 8888 (http)
2021/02/27-09:50 [main] INFO  org.apache.catalina.core.StandardService- Starting service [Tomcat]
2021/02/27-09:50 [main] INFO  org.apache.catalina.core.StandardEngine- Starting Servlet engine: [Apache Tomcat/9.0.31]
2021/02/27-09:50 [main] INFO  org.apache.catalina.core.ContainerBase.[Tomcat].[localhost].[/api]- Initializing Spring embedded WebApplicationContext
2021/02/27-09:50 [main] INFO  org.springframework.web.context.ContextLoader- Root WebApplicationContext: initialization completed in 4678 ms
2021/02/27-09:50 [main] INFO  org.hibernate.jpa.internal.util.LogHelper- HHH000204: Processing PersistenceUnitInfo [name: default]
2021/02/27-09:50 [main] INFO  org.hibernate.Version- HHH000412: Hibernate ORM core version 5.4.12.Final
2021/02/27-09:50 [main] INFO  org.hibernate.annotations.common.Version- HCANN000001: Hibernate Commons Annotations {5.1.0.Final}
2021/02/27-09:50 [main] INFO  com.zaxxer.hikari.HikariDataSource- HikariPool-1 - Starting...
2021/02/27-09:50 [main] INFO  com.zaxxer.hikari.HikariDataSource- HikariPool-1 - Start completed.
2021/02/27-09:50 [main] INFO  org.hibernate.dialect.Dialect- HHH000400: Using dialect: org.hibernate.dialect.MySQL5InnoDBDialect
2021/02/27-09:50 [main] INFO  org.hibernate.engine.transaction.jta.platform.internal.JtaPlatformInitiator- HHH000490: Using JtaPlatform implementation: [org.hibernate.engine.transaction.jta.platform.internal.NoJtaPlatform]
2021/02/27-09:50 [main] INFO  org.springframework.orm.jpa.LocalContainerEntityManagerFactoryBean- Initialized JPA EntityManagerFactory for persistence unit 'default'
2021/02/27-09:50 [main] INFO  org.springframework.scheduling.concurrent.ThreadPoolTaskExecutor- Initializing ExecutorService 'applicationTaskExecutor'
2021/02/27-09:50 [main] INFO  org.springframework.boot.web.embedded.tomcat.TomcatWebServer- Tomcat started on port(s): 8888 (http) with context path '/api'
2021/02/27-09:50 [main] INFO  web.panda.SeatApplication- Started SeatApplication in 15.713 seconds (JVM running for 16.841)
2021/02/27-10:12 [SpringContextShutdownHook] INFO  org.springframework.scheduling.concurrent.ThreadPoolTaskExecutor- Shutting down ExecutorService 'applicationTaskExecutor'
2021/02/27-10:12 [SpringContextShutdownHook] INFO  org.springframework.orm.jpa.LocalContainerEntityManagerFactoryBean- Closing JPA EntityManagerFactory for persistence unit 'default'
2021/02/27-10:12 [SpringContextShutdownHook] INFO  com.zaxxer.hikari.HikariDataSource- HikariPool-1 - Shutdown initiated...
2021/02/27-10:12 [SpringContextShutdownHook] INFO  com.zaxxer.hikari.HikariDataSource- HikariPool-1 - Shutdown completed.
